c:\users\moi\git\cis565\project3-cuda-path-tracer\build\src\src.dir\debug\vc120.pdb
c:\users\moi\git\cis565\project3-cuda-path-tracer\build\src\src.dir\debug\objmesh.obj
c:\users\moi\git\cis565\project3-cuda-path-tracer\build\src\src.dir\debug\tiny_obj_loader.obj
c:\users\moi\git\cis565\project3-cuda-path-tracer\build\src\src.dir\debug\utilities.obj
c:\users\moi\git\cis565\project3-cuda-path-tracer\build\src\src.dir\debug\preview.obj
c:\users\moi\git\cis565\project3-cuda-path-tracer\build\src\src.dir\debug\scene.obj
c:\users\moi\git\cis565\project3-cuda-path-tracer\build\src\src.dir\debug\glslutility.obj
c:\users\moi\git\cis565\project3-cuda-path-tracer\build\src\src.dir\debug\image.obj
c:\users\moi\git\cis565\project3-cuda-path-tracer\build\src\src.dir\debug\stb.obj
c:\users\moi\git\cis565\project3-cuda-path-tracer\build\src\cmakefiles\generate.stamp
c:\users\moi\git\cis565\project3-cuda-path-tracer\build\src\cmakefiles\src.dir\debug\src_generated_pathtrace.cu.obj
c:\users\moi\git\cis565\project3-cuda-path-tracer\build\src\debug\src.lib
c:\users\moi\git\cis565\project3-cuda-path-tracer\build\src\src.dir\debug\src.tlog\cl.command.1.tlog
c:\users\moi\git\cis565\project3-cuda-path-tracer\build\src\src.dir\debug\src.tlog\cl.read.1.tlog
c:\users\moi\git\cis565\project3-cuda-path-tracer\build\src\src.dir\debug\src.tlog\cl.write.1.tlog
c:\users\moi\git\cis565\project3-cuda-path-tracer\build\src\src.dir\debug\src.tlog\custombuild.command.1.tlog
c:\users\moi\git\cis565\project3-cuda-path-tracer\build\src\src.dir\debug\src.tlog\custombuild.read.1.tlog
c:\users\moi\git\cis565\project3-cuda-path-tracer\build\src\src.dir\debug\src.tlog\custombuild.write.1.tlog
c:\users\moi\git\cis565\project3-cuda-path-tracer\build\src\src.dir\debug\src.tlog\lib-link.read.1.tlog
c:\users\moi\git\cis565\project3-cuda-path-tracer\build\src\src.dir\debug\src.tlog\lib-link.write.1.tlog
c:\users\moi\git\cis565\project3-cuda-path-tracer\build\src\src.dir\debug\src.tlog\lib.command.1.tlog
